<?xml version="1.0" encoding="utf-8"?><testsuites name="pytest tests"><testsuite name="pytest" errors="0" failures="0" skipped="0" tests="17" time="2.722" timestamp="2026-04-18T10:54:46.369383+00:00" hostname="agent-env-7c883149-4270-480d-acda-2786d92bdadc"><testcase classname="backend.tests.test_gorecory_api.TestHealthAndBasics" name="test_api_stats_endpoint" time="0.209" /><testcase classname="backend.tests.test_gorecory_api.TestAuth" name="test_login_success_demo_user" time="0.120" /><testcase classname="backend.tests.test_gorecory_api.TestAuth" name="test_login_wrong_password_returns_401" time="0.116" /><testcase classname="backend.tests.test_gorecory_api.TestAuth" name="test_register_success" time="0.121" /><testcase classname="backend.tests.test_gorecory_api.TestAuth" name="test_register_duplicate_email_returns_409" time="0.164" /><testcase classname="backend.tests.test_gorecory_api.TestItems" name="test_get_items_includes_mfg_and_expiry_dates" time="0.056" /><testcase classname="backend.tests.test_gorecory_api.TestItems" name="test_create_item_with_dates" time="0.092" /><testcase classname="backend.tests.test_gorecory_api.TestItems" name="test_update_item_preserves_reorder_level" time="0.091" /><testcase classname="backend.tests.test_gorecory_api.TestItems" name="test_status_filter_out_of_stock" time="0.044" /><testcase classname="backend.tests.test_gorecory_api.TestReports" name="test_low_stock_report" time="0.051" /><testcase classname="backend.tests.test_gorecory_api.TestReports" name="test_near_expiry_report" time="0.044" /><testcase classname="backend.tests.test_gorecory_api.TestAlerts" name="test_alerts_messages" time="0.046" /><testcase classname="backend.tests.test_gorecory_api.TestAlerts" name="test_alerts_email_sends" time="1.198" /><testcase classname="backend.tests.test_gorecory_api.TestOrders" name="test_get_orders" time="0.044" /><testcase classname="backend.tests.test_gorecory_api.TestCategories" name="test_get_categories" time="0.046" /><testcase classname="backend.tests.test_gorecory_api.TestSuppliers" name="test_get_suppliers" time="0.045" /><testcase classname="backend.tests.test_gorecory_api.TestWarehouses" name="test_get_warehouses" time="0.045" /></testsuite></testsuites>